{"level":"info","message":"User already exists","timestamp":"2024-12-10T17:49:07.632Z"}
{"level":"info","message":"User already exists","timestamp":"2024-12-10T18:03:50.125Z"}
{"level":"info","message":"User already exists","timestamp":"2024-12-10T18:04:01.988Z"}
{"level":"info","message":"LOGIN : ","timestamp":"2024-12-10T18:04:31.313Z"}
{"level":"info","message":"Login success","timestamp":"2024-12-10T18:04:31.363Z"}
{"level":"info","message":"LOGIN : ","timestamp":"2024-12-10T18:06:56.718Z"}
{"level":"info","message":"Login success","timestamp":"2024-12-10T18:06:56.790Z"}
{"level":"info","message":"LOGIN : ","timestamp":"2024-12-10T18:07:22.821Z"}
{"level":"info","message":"Login success","timestamp":"2024-12-10T18:07:22.878Z"}
{"level":"info","message":"LOGIN : ","timestamp":"2024-12-10T18:10:49.585Z"}
{"level":"info","message":"Login success","timestamp":"2024-12-10T18:10:49.714Z"}
{"level":"info","message":"LOGIN : ","timestamp":"2024-12-10T18:29:23.470Z"}
{"level":"error","message":"Incorrect password","timestamp":"2024-12-10T18:29:23.565Z"}
{"level":"info","message":"User already exists","timestamp":"2024-12-10T19:03:17.253Z"}
{"level":"info","message":"User already exists","timestamp":"2024-12-10T19:03:27.637Z"}
{"level":"info","message":"LOGIN : ","timestamp":"2024-12-10T19:04:06.430Z"}
{"level":"info","message":"Login success","timestamp":"2024-12-10T19:04:06.507Z"}
{"level":"info","message":"Created directory: New Folder","timestamp":"2024-12-10T19:04:46.903Z"}
{"dirName":"/Users/bip/Documents/projects/bip/wibu-storage/uploads/cm4ity46a0000lh0go3idmd9g/2024/12/11","ext":".jpg","filePath":"/cm4ity46a0000lh0go3idmd9g/2024/12/11/thumb-1920-1365866.jpg","fullPath":"/Users/bip/Documents/projects/bip/wibu-storage/uploads/cm4ity46a0000lh0go3idmd9g/2024/12/11/thumb-1920-1365866.jpg","level":"info","message":"UPLOAD : ","name":"thumb-1920-1365866.jpg","timestamp":"2024-12-10T19:04:56.384Z"}
{"dirName":"/Users/bip/Documents/projects/bip/wibu-storage/uploads/cm4ity46a0000lh0go3idmd9g/2024/12/11","ext":".png","filePath":"/cm4ity46a0000lh0go3idmd9g/2024/12/11/apa.png","fullPath":"/Users/bip/Documents/projects/bip/wibu-storage/uploads/cm4ity46a0000lh0go3idmd9g/2024/12/11/apa.png","level":"info","message":"UPLOAD : ","name":"apa.png","timestamp":"2024-12-10T19:29:53.484Z"}
